Copyright 1986-2018 Xilinx, Inc. All Rights Reserved.
--------------------------------------------------------------------------------------------------------------------------------------------------------------------------------------------------------------
| Tool Version : Vivado v.2018.2 (win64) Build 2258646 Thu Jun 14 20:03:12 MDT 2018
| Date         : Thu Jul 28 08:05:48 2022
| Host         : LAPTOP-S2Q2PSVE running 64-bit major release  (build 9200)
| Command      : report_timing_summary -max_paths 10 -file nanoprocessor_timing_summary_routed.rpt -pb nanoprocessor_timing_summary_routed.pb -rpx nanoprocessor_timing_summary_routed.rpx -warn_on_violation
| Design       : nanoprocessor
| Device       : 7a35t-cpg236
| Speed File   : -1  PRODUCTION 1.22 2018-03-21
--------------------------------------------------------------------------------------------------------------------------------------------------------------------------------------------------------------

Timing Summary Report

------------------------------------------------------------------------------------------------
| Timer Settings
| --------------
------------------------------------------------------------------------------------------------

  Enable Multi Corner Analysis               :  Yes
  Enable Pessimism Removal                   :  Yes
  Pessimism Removal Resolution               :  Nearest Common Node
  Enable Input Delay Default Clock           :  No
  Enable Preset / Clear Arcs                 :  No
  Disable Flight Delays                      :  No
  Ignore I/O Paths                           :  No
  Timing Early Launch at Borrowing Latches   :  false

  Corner  Analyze    Analyze    
  Name    Max Paths  Min Paths  
  ------  ---------  ---------  
  Slow    Yes        Yes        
  Fast    Yes        Yes        



check_timing report

Table of Contents
-----------------
1. checking no_clock
2. checking constant_clock
3. checking pulse_width_clock
4. checking unconstrained_internal_endpoints
5. checking no_input_delay
6. checking no_output_delay
7. checking multiple_clock
8. checking generated_clocks
9. checking loops
10. checking partial_input_delay
11. checking partial_output_delay
12. checking latch_loops

1. checking no_clock
--------------------
 There are 20 register/latch pins with no clock driven by root clock pin: Slow_Clk_0/Clk_out_reg/Q (HIGH)


2. checking constant_clock
--------------------------
 There are 0 register/latch pins with constant_clock.


3. checking pulse_width_clock
-----------------------------
 There are 0 register/latch pins which need pulse_width check


4. checking unconstrained_internal_endpoints
--------------------------------------------
 There are 54 pins that are not constrained for maximum delay. (HIGH)

 There are 0 pins that are not constrained for maximum delay due to constant clock.


5. checking no_input_delay
--------------------------
 There is 1 input port with no input delay specified. (HIGH)

 There are 0 input ports with no input delay but user has a false path constraint.


6. checking no_output_delay
---------------------------
 There are 14 ports with no output delay specified. (HIGH)

 There are 0 ports with no output delay but user has a false path constraint

 There are 0 ports with no output delay but with a timing clock defined on it or propagating through it


7. checking multiple_clock
--------------------------
 There are 0 register/latch pins with multiple clocks.


8. checking generated_clocks
----------------------------
 There are 0 generated clocks that are not connected to a clock source.


9. checking loops
-----------------
 There are 0 combinational loops in the design.


10. checking partial_input_delay
--------------------------------
 There are 0 input ports with partial input delay specified.


11. checking partial_output_delay
---------------------------------
 There are 0 ports with partial output delay specified.


12. checking latch_loops
------------------------
 There are 0 combinational latch loops in the design through latch input



------------------------------------------------------------------------------------------------
| Design Timing Summary
| ---------------------
------------------------------------------------------------------------------------------------

    WNS(ns)      TNS(ns)  TNS Failing Endpoints  TNS Total Endpoints      WHS(ns)      THS(ns)  THS Failing Endpoints  THS Total Endpoints     WPWS(ns)     TPWS(ns)  TPWS Failing Endpoints  TPWS Total Endpoints  
    -------      -------  ---------------------  -------------------      -------      -------  ---------------------  -------------------     --------     --------  ----------------------  --------------------  
      5.022        0.000                      0                   65        0.261        0.000                      0                   65        4.500        0.000                       0                    35  


All user specified timing constraints are met.


------------------------------------------------------------------------------------------------
| Clock Summary
| -------------
------------------------------------------------------------------------------------------------

Clock        Waveform(ns)       Period(ns)      Frequency(MHz)
-----        ------------       ----------      --------------
sys_clk_pin  {0.000 5.000}      10.000          100.000         


------------------------------------------------------------------------------------------------
| Intra Clock Table
| -----------------
------------------------------------------------------------------------------------------------

Clock             WNS(ns)      TNS(ns)  TNS Failing Endpoints  TNS Total Endpoints      WHS(ns)      THS(ns)  THS Failing Endpoints  THS Total Endpoints     WPWS(ns)     TPWS(ns)  TPWS Failing Endpoints  TPWS Total Endpoints  
-----             -------      -------  ---------------------  -------------------      -------      -------  ---------------------  -------------------     --------     --------  ----------------------  --------------------  
sys_clk_pin         5.022        0.000                      0                   65        0.261        0.000                      0                   65        4.500        0.000                       0                    35  


------------------------------------------------------------------------------------------------
| Inter Clock Table
| -----------------
------------------------------------------------------------------------------------------------

From Clock    To Clock          WNS(ns)      TNS(ns)  TNS Failing Endpoints  TNS Total Endpoints      WHS(ns)      THS(ns)  THS Failing Endpoints  THS Total Endpoints  
----------    --------          -------      -------  ---------------------  -------------------      -------      -------  ---------------------  -------------------  


------------------------------------------------------------------------------------------------
| Other Path Groups Table
| -----------------------
------------------------------------------------------------------------------------------------

Path Group    From Clock    To Clock          WNS(ns)      TNS(ns)  TNS Failing Endpoints  TNS Total Endpoints      WHS(ns)      THS(ns)  THS Failing Endpoints  THS Total Endpoints  
----------    ----------    --------          -------      -------  ---------------------  -------------------      -------      -------  ---------------------  -------------------  


------------------------------------------------------------------------------------------------
| Timing Details
| --------------
------------------------------------------------------------------------------------------------


---------------------------------------------------------------------------------------------------
From Clock:  sys_clk_pin
  To Clock:  sys_clk_pin

Setup :            0  Failing Endpoints,  Worst Slack        5.022ns,  Total Violation        0.000ns
Hold  :            0  Failing Endpoints,  Worst Slack        0.261ns,  Total Violation        0.000ns
PW    :            0  Failing Endpoints,  Worst Slack        4.500ns,  Total Violation        0.000ns
---------------------------------------------------------------------------------------------------


Max Delay Paths
--------------------------------------------------------------------------------------
Slack (MET) :             5.022ns  (required time - arrival time)
  Source:                 Slow_Clk_0/count_reg[4]/C
                            (rising edge-triggered cell FDRE clocked by sys_clk_pin  {rise@0.000ns fall@5.000ns period=10.000ns})
  Destination:            Slow_Clk_0/count_reg[1]/R
                            (rising edge-triggered cell FDRE clocked by sys_clk_pin  {rise@0.000ns fall@5.000ns period=10.000ns})
  Path Group:             sys_clk_pin
  Path Type:              Setup (Max at Slow Process Corner)
  Requirement:            10.000ns  (sys_clk_pin rise@10.000ns - sys_clk_pin rise@0.000ns)
  Data Path Delay:        4.514ns  (logic 1.056ns (23.394%)  route 3.458ns (76.606%))
  Logic Levels:           3  (LUT4=2 LUT5=1)
  Clock Path Skew:        0.000ns (DCD - SCD + CPR)
    Destination Clock Delay (DCD):    4.853ns = ( 14.853 - 10.000 ) 
    Source Clock Delay      (SCD):    5.151ns
    Clock Pessimism Removal (CPR):    0.298ns
  Clock Uncertainty:      0.035ns  ((TSJ^2 + TIJ^2)^1/2 + DJ) / 2 + PE
    Total System Jitter     (TSJ):    0.071ns
    Total Input Jitter      (TIJ):    0.000ns
    Discrete Jitter          (DJ):    0.000ns
    Phase Error              (PE):    0.000ns

    Location             Delay type                Incr(ns)  Path(ns)    Netlist Resource(s)
  -------------------------------------------------------------------    -------------------
                         (clock sys_clk_pin rise edge)
                                                      0.000     0.000 r  
    W5                                                0.000     0.000 r  Clk (IN)
                         net (fo=0)                   0.000     0.000    Clk
    W5                   IBUF (Prop_ibuf_I_O)         1.458     1.458 r  Clk_IBUF_inst/O
                         net (fo=1, routed)           1.967     3.425    Clk_IBUF
    BUFGCTRL_X0Y0        BUFG (Prop_bufg_I_O)         0.096     3.521 r  Clk_IBUF_BUFG_inst/O
                         net (fo=34, routed)          1.630     5.151    Slow_Clk_0/Clk_IBUF_BUFG
    SLICE_X58Y15         FDRE                                         r  Slow_Clk_0/count_reg[4]/C
  -------------------------------------------------------------------    -------------------
    SLICE_X58Y15         FDRE (Prop_fdre_C_Q)         0.456     5.607 f  Slow_Clk_0/count_reg[4]/Q
                         net (fo=2, routed)           0.812     6.419    Slow_Clk_0/count[4]
    SLICE_X59Y16         LUT4 (Prop_lut4_I1_O)        0.124     6.543 f  Slow_Clk_0/count[31]_i_7/O
                         net (fo=1, routed)           0.633     7.177    Slow_Clk_0/count[31]_i_7_n_0
    SLICE_X59Y15         LUT5 (Prop_lut5_I4_O)        0.150     7.327 f  Slow_Clk_0/count[31]_i_3/O
                         net (fo=3, routed)           0.957     8.284    Slow_Clk_0/count[31]_i_3_n_0
    SLICE_X59Y19         LUT4 (Prop_lut4_I1_O)        0.326     8.610 r  Slow_Clk_0/count[31]_i_1/O
                         net (fo=31, routed)          1.055     9.665    Slow_Clk_0/count[31]_i_1_n_0
    SLICE_X58Y15         FDRE                                         r  Slow_Clk_0/count_reg[1]/R
  -------------------------------------------------------------------    -------------------

                         (clock sys_clk_pin rise edge)
                                                     10.000    10.000 r  
    W5                                                0.000    10.000 r  Clk (IN)
                         net (fo=0)                   0.000    10.000    Clk
    W5                   IBUF (Prop_ibuf_I_O)         1.388    11.388 r  Clk_IBUF_inst/O
                         net (fo=1, routed)           1.862    13.250    Clk_IBUF
    BUFGCTRL_X0Y0        BUFG (Prop_bufg_I_O)         0.091    13.341 r  Clk_IBUF_BUFG_inst/O
                         net (fo=34, routed)          1.512    14.853    Slow_Clk_0/Clk_IBUF_BUFG
    SLICE_X58Y15         FDRE                                         r  Slow_Clk_0/count_reg[1]/C
                         clock pessimism              0.298    15.151    
                         clock uncertainty           -0.035    15.116    
    SLICE_X58Y15         FDRE (Setup_fdre_C_R)       -0.429    14.687    Slow_Clk_0/count_reg[1]
  -------------------------------------------------------------------
                         required time                         14.687    
                         arrival time                          -9.665    
  -------------------------------------------------------------------
                         slack                                  5.022    

Slack (MET) :             5.022ns  (required time - arrival time)
  Source:                 Slow_Clk_0/count_reg[4]/C
                            (rising edge-triggered cell FDRE clocked by sys_clk_pin  {rise@0.000ns fall@5.000ns period=10.000ns})
  Destination:            Slow_Clk_0/count_reg[2]/R
                            (rising edge-triggered cell FDRE clocked by sys_clk_pin  {rise@0.000ns fall@5.000ns period=10.000ns})
  Path Group:             sys_clk_pin
  Path Type:              Setup (Max at Slow Process Corner)
  Requirement:            10.000ns  (sys_clk_pin rise@10.000ns - sys_clk_pin rise@0.000ns)
  Data Path Delay:        4.514ns  (logic 1.056ns (23.394%)  route 3.458ns (76.606%))
  Logic Levels:           3  (LUT4=2 LUT5=1)
  Clock Path Skew:        0.000ns (DCD - SCD + CPR)
    Destination Clock Delay (DCD):    4.853ns = ( 14.853 - 10.000 ) 
    Source Clock Delay      (SCD):    5.151ns
    Clock Pessimism Removal (CPR):    0.298ns
  Clock Uncertainty:      0.035ns  ((TSJ^2 + TIJ^2)^1/2 + DJ) / 2 + PE
    Total System Jitter     (TSJ):    0.071ns
    Total Input Jitter      (TIJ):    0.000ns
    Discrete Jitter          (DJ):    0.000ns
    Phase Error              (PE):    0.000ns

    Location             Delay type                Incr(ns)  Path(ns)    Netlist Resource(s)
  -------------------------------------------------------------------    -------------------
                         (clock sys_clk_pin rise edge)
                                                      0.000     0.000 r  
    W5                                                0.000     0.000 r  Clk (IN)
                         net (fo=0)                   0.000     0.000    Clk
    W5                   IBUF (Prop_ibuf_I_O)         1.458     1.458 r  Clk_IBUF_inst/O
                         net (fo=1, routed)           1.967     3.425    Clk_IBUF
    BUFGCTRL_X0Y0        BUFG (Prop_bufg_I_O)         0.096     3.521 r  Clk_IBUF_BUFG_inst/O
                         net (fo=34, routed)          1.630     5.151    Slow_Clk_0/Clk_IBUF_BUFG
    SLICE_X58Y15         FDRE                                         r  Slow_Clk_0/count_reg[4]/C
  -------------------------------------------------------------------    -------------------
    SLICE_X58Y15         FDRE (Prop_fdre_C_Q)         0.456     5.607 f  Slow_Clk_0/count_reg[4]/Q
                         net (fo=2, routed)           0.812     6.419    Slow_Clk_0/count[4]
    SLICE_X59Y16         LUT4 (Prop_lut4_I1_O)        0.124     6.543 f  Slow_Clk_0/count[31]_i_7/O
                         net (fo=1, routed)           0.633     7.177    Slow_Clk_0/count[31]_i_7_n_0
    SLICE_X59Y15         LUT5 (Prop_lut5_I4_O)        0.150     7.327 f  Slow_Clk_0/count[31]_i_3/O
                         net (fo=3, routed)           0.957     8.284    Slow_Clk_0/count[31]_i_3_n_0
    SLICE_X59Y19         LUT4 (Prop_lut4_I1_O)        0.326     8.610 r  Slow_Clk_0/count[31]_i_1/O
                         net (fo=31, routed)          1.055     9.665    Slow_Clk_0/count[31]_i_1_n_0
    SLICE_X58Y15         FDRE                                         r  Slow_Clk_0/count_reg[2]/R
  -------------------------------------------------------------------    -------------------

                         (clock sys_clk_pin rise edge)
                                                     10.000    10.000 r  
    W5                                                0.000    10.000 r  Clk (IN)
                         net (fo=0)                   0.000    10.000    Clk
    W5                   IBUF (Prop_ibuf_I_O)         1.388    11.388 r  Clk_IBUF_inst/O
                         net (fo=1, routed)           1.862    13.250    Clk_IBUF
    BUFGCTRL_X0Y0        BUFG (Prop_bufg_I_O)         0.091    13.341 r  Clk_IBUF_BUFG_inst/O
                         net (fo=34, routed)          1.512    14.853    Slow_Clk_0/Clk_IBUF_BUFG
    SLICE_X58Y15         FDRE                                         r  Slow_Clk_0/count_reg[2]/C
                         clock pessimism              0.298    15.151    
                         clock uncertainty           -0.035    15.116    
    SLICE_X58Y15         FDRE (Setup_fdre_C_R)       -0.429    14.687    Slow_Clk_0/count_reg[2]
  -------------------------------------------------------------------
                         required time                         14.687    
                         arrival time                          -9.665    
  -------------------------------------------------------------------
                         slack                                  5.022    

Slack (MET) :             5.022ns  (required time - arrival time)
  Source:                 Slow_Clk_0/count_reg[4]/C
                            (rising edge-triggered cell FDRE clocked by sys_clk_pin  {rise@0.000ns fall@5.000ns period=10.000ns})
  Destination:            Slow_Clk_0/count_reg[3]/R
                            (rising edge-triggered cell FDRE clocked by sys_clk_pin  {rise@0.000ns fall@5.000ns period=10.000ns})
  Path Group:             sys_clk_pin
  Path Type:              Setup (Max at Slow Process Corner)
  Requirement:            10.000ns  (sys_clk_pin rise@10.000ns - sys_clk_pin rise@0.000ns)
  Data Path Delay:        4.514ns  (logic 1.056ns (23.394%)  route 3.458ns (76.606%))
  Logic Levels:           3  (LUT4=2 LUT5=1)
  Clock Path Skew:        0.000ns (DCD - SCD + CPR)
    Destination Clock Delay (DCD):    4.853ns = ( 14.853 - 10.000 ) 
    Source Clock Delay      (SCD):    5.151ns
    Clock Pessimism Removal (CPR):    0.298ns
  Clock Uncertainty:      0.035ns  ((TSJ^2 + TIJ^2)^1/2 + DJ) / 2 + PE
    Total System Jitter     (TSJ):    0.071ns
    Total Input Jitter      (TIJ):    0.000ns
    Discrete Jitter          (DJ):    0.000ns
    Phase Error              (PE):    0.000ns

    Location             Delay type                Incr(ns)  Path(ns)    Netlist Resource(s)
  -------------------------------------------------------------------    -------------------
                         (clock sys_clk_pin rise edge)
                                                      0.000     0.000 r  
    W5                                                0.000     0.000 r  Clk (IN)
                         net (fo=0)                   0.000     0.000    Clk
    W5                   IBUF (Prop_ibuf_I_O)         1.458     1.458 r  Clk_IBUF_inst/O
                         net (fo=1, routed)           1.967     3.425    Clk_IBUF
    BUFGCTRL_X0Y0        BUFG (Prop_bufg_I_O)         0.096     3.521 r  Clk_IBUF_BUFG_inst/O
                         net (fo=34, routed)          1.630     5.151    Slow_Clk_0/Clk_IBUF_BUFG
    SLICE_X58Y15         FDRE                                         r  Slow_Clk_0/count_reg[4]/C
  -------------------------------------------------------------------    -------------------
    SLICE_X58Y15         FDRE (Prop_fdre_C_Q)         0.456     5.607 f  Slow_Clk_0/count_reg[4]/Q
                         net (fo=2, routed)           0.812     6.419    Slow_Clk_0/count[4]
    SLICE_X59Y16         LUT4 (Prop_lut4_I1_O)        0.124     6.543 f  Slow_Clk_0/count[31]_i_7/O
                         net (fo=1, routed)           0.633     7.177    Slow_Clk_0/count[31]_i_7_n_0
    SLICE_X59Y15         LUT5 (Prop_lut5_I4_O)        0.150     7.327 f  Slow_Clk_0/count[31]_i_3/O
                         net (fo=3, routed)           0.957     8.284    Slow_Clk_0/count[31]_i_3_n_0
    SLICE_X59Y19         LUT4 (Prop_lut4_I1_O)        0.326     8.610 r  Slow_Clk_0/count[31]_i_1/O
                         net (fo=31, routed)          1.055     9.665    Slow_Clk_0/count[31]_i_1_n_0
    SLICE_X58Y15         FDRE                                         r  Slow_Clk_0/count_reg[3]/R
  -------------------------------------------------------------------    -------------------

                         (clock sys_clk_pin rise edge)
                                                     10.000    10.000 r  
    W5                                                0.000    10.000 r  Clk (IN)
                         net (fo=0)                   0.000    10.000    Clk
    W5                   IBUF (Prop_ibuf_I_O)         1.388    11.388 r  Clk_IBUF_inst/O
                         net (fo=1, routed)           1.862    13.250    Clk_IBUF
    BUFGCTRL_X0Y0        BUFG (Prop_bufg_I_O)         0.091    13.341 r  Clk_IBUF_BUFG_inst/O
                         net (fo=34, routed)          1.512    14.853    Slow_Clk_0/Clk_IBUF_BUFG
    SLICE_X58Y15         FDRE                                         r  Slow_Clk_0/count_reg[3]/C
                         clock pessimism              0.298    15.151    
                         clock uncertainty           -0.035    15.116    
    SLICE_X58Y15         FDRE (Setup_fdre_C_R)       -0.429    14.687    Slow_Clk_0/count_reg[3]
  -------------------------------------------------------------------
                         required time                         14.687    
                         arrival time                          -9.665    
  -------------------------------------------------------------------
                         slack                                  5.022    

Slack (MET) :             5.022ns  (required time - arrival time)
  Source:                 Slow_Clk_0/count_reg[4]/C
                            (rising edge-triggered cell FDRE clocked by sys_clk_pin  {rise@0.000ns fall@5.000ns period=10.000ns})
  Destination:            Slow_Clk_0/count_reg[4]/R
                            (rising edge-triggered cell FDRE clocked by sys_clk_pin  {rise@0.000ns fall@5.000ns period=10.000ns})
  Path Group:             sys_clk_pin
  Path Type:              Setup (Max at Slow Process Corner)
  Requirement:            10.000ns  (sys_clk_pin rise@10.000ns - sys_clk_pin rise@0.000ns)
  Data Path Delay:        4.514ns  (logic 1.056ns (23.394%)  route 3.458ns (76.606%))
  Logic Levels:           3  (LUT4=2 LUT5=1)
  Clock Path Skew:        0.000ns (DCD - SCD + CPR)
    Destination Clock Delay (DCD):    4.853ns = ( 14.853 - 10.000 ) 
    Source Clock Delay      (SCD):    5.151ns
    Clock Pessimism Removal (CPR):    0.298ns
  Clock Uncertainty:      0.035ns  ((TSJ^2 + TIJ^2)^1/2 + DJ) / 2 + PE
    Total System Jitter     (TSJ):    0.071ns
    Total Input Jitter      (TIJ):    0.000ns
    Discrete Jitter          (DJ):    0.000ns
    Phase Error              (PE):    0.000ns

    Location             Delay type                Incr(ns)  Path(ns)    Netlist Resource(s)
  -------------------------------------------------------------------    -------------------
                         (clock sys_clk_pin rise edge)
                                                      0.000     0.000 r  
    W5                                                0.000     0.000 r  Clk (IN)
                         net (fo=0)                   0.000     0.000    Clk
    W5                   IBUF (Prop_ibuf_I_O)         1.458     1.458 r  Clk_IBUF_inst/O
                         net (fo=1, routed)           1.967     3.425    Clk_IBUF
    BUFGCTRL_X0Y0        BUFG (Prop_bufg_I_O)         0.096     3.521 r  Clk_IBUF_BUFG_inst/O
                         net (fo=34, routed)          1.630     5.151    Slow_Clk_0/Clk_IBUF_BUFG
    SLICE_X58Y15         FDRE                                         r  Slow_Clk_0/count_reg[4]/C
  -------------------------------------------------------------------    -------------------
    SLICE_X58Y15         FDRE (Prop_fdre_C_Q)         0.456     5.607 f  Slow_Clk_0/count_reg[4]/Q
                         net (fo=2, routed)           0.812     6.419    Slow_Clk_0/count[4]
    SLICE_X59Y16         LUT4 (Prop_lut4_I1_O)        0.124     6.543 f  Slow_Clk_0/count[31]_i_7/O
                         net (fo=1, routed)           0.633     7.177    Slow_Clk_0/count[31]_i_7_n_0
    SLICE_X59Y15         LUT5 (Prop_lut5_I4_O)        0.150     7.327 f  Slow_Clk_0/count[31]_i_3/O
                         net (fo=3, routed)           0.957     8.284    Slow_Clk_0/count[31]_i_3_n_0
    SLICE_X59Y19         LUT4 (Prop_lut4_I1_O)        0.326     8.610 r  Slow_Clk_0/count[31]_i_1/O
                         net (fo=31, routed)          1.055     9.665    Slow_Clk_0/count[31]_i_1_n_0
    SLICE_X58Y15         FDRE                                         r  Slow_Clk_0/count_reg[4]/R
  -------------------------------------------------------------------    -------------------

                         (clock sys_clk_pin rise edge)
                                                     10.000    10.000 r  
    W5                                                0.000    10.000 r  Clk (IN)
                         net (fo=0)                   0.000    10.000    Clk
    W5                   IBUF (Prop_ibuf_I_O)         1.388    11.388 r  Clk_IBUF_inst/O
                         net (fo=1, routed)           1.862    13.250    Clk_IBUF
    BUFGCTRL_X0Y0        BUFG (Prop_bufg_I_O)         0.091    13.341 r  Clk_IBUF_BUFG_inst/O
                         net (fo=34, routed)          1.512    14.853    Slow_Clk_0/Clk_IBUF_BUFG
    SLICE_X58Y15         FDRE                                         r  Slow_Clk_0/count_reg[4]/C
                         clock pessimism              0.298    15.151    
                         clock uncertainty           -0.035    15.116    
    SLICE_X58Y15         FDRE (Setup_fdre_C_R)       -0.429    14.687    Slow_Clk_0/count_reg[4]
  -------------------------------------------------------------------
                         required time                         14.687    
                         arrival time                          -9.665    
  -------------------------------------------------------------------
                         slack                                  5.022    

Slack (MET) :             5.089ns  (required time - arrival time)
  Source:                 Slow_Clk_0/count_reg[4]/C
                            (rising edge-triggered cell FDRE clocked by sys_clk_pin  {rise@0.000ns fall@5.000ns period=10.000ns})
  Destination:            Slow_Clk_0/count_reg[5]/R
                            (rising edge-triggered cell FDRE clocked by sys_clk_pin  {rise@0.000ns fall@5.000ns period=10.000ns})
  Path Group:             sys_clk_pin
  Path Type:              Setup (Max at Slow Process Corner)
  Requirement:            10.000ns  (sys_clk_pin rise@10.000ns - sys_clk_pin rise@0.000ns)
  Data Path Delay:        4.422ns  (logic 1.056ns (23.881%)  route 3.366ns (76.119%))
  Logic Levels:           3  (LUT4=2 LUT5=1)
  Clock Path Skew:        -0.025ns (DCD - SCD + CPR)
    Destination Clock Delay (DCD):    4.852ns = ( 14.852 - 10.000 ) 
    Source Clock Delay      (SCD):    5.151ns
    Clock Pessimism Removal (CPR):    0.274ns
  Clock Uncertainty:      0.035ns  ((TSJ^2 + TIJ^2)^1/2 + DJ) / 2 + PE
    Total System Jitter     (TSJ):    0.071ns
    Total Input Jitter      (TIJ):    0.000ns
    Discrete Jitter          (DJ):    0.000ns
    Phase Error              (PE):    0.000ns

    Location             Delay type                Incr(ns)  Path(ns)    Netlist Resource(s)
  -------------------------------------------------------------------    -------------------
                         (clock sys_clk_pin rise edge)
                                                      0.000     0.000 r  
    W5                                                0.000     0.000 r  Clk (IN)
                         net (fo=0)                   0.000     0.000    Clk
    W5                   IBUF (Prop_ibuf_I_O)         1.458     1.458 r  Clk_IBUF_inst/O
                         net (fo=1, routed)           1.967     3.425    Clk_IBUF
    BUFGCTRL_X0Y0        BUFG (Prop_bufg_I_O)         0.096     3.521 r  Clk_IBUF_BUFG_inst/O
                         net (fo=34, routed)          1.630     5.151    Slow_Clk_0/Clk_IBUF_BUFG
    SLICE_X58Y15         FDRE                                         r  Slow_Clk_0/count_reg[4]/C
  -------------------------------------------------------------------    -------------------
    SLICE_X58Y15         FDRE (Prop_fdre_C_Q)         0.456     5.607 f  Slow_Clk_0/count_reg[4]/Q
                         net (fo=2, routed)           0.812     6.419    Slow_Clk_0/count[4]
    SLICE_X59Y16         LUT4 (Prop_lut4_I1_O)        0.124     6.543 f  Slow_Clk_0/count[31]_i_7/O
                         net (fo=1, routed)           0.633     7.177    Slow_Clk_0/count[31]_i_7_n_0
    SLICE_X59Y15         LUT5 (Prop_lut5_I4_O)        0.150     7.327 f  Slow_Clk_0/count[31]_i_3/O
                         net (fo=3, routed)           0.957     8.284    Slow_Clk_0/count[31]_i_3_n_0
    SLICE_X59Y19         LUT4 (Prop_lut4_I1_O)        0.326     8.610 r  Slow_Clk_0/count[31]_i_1/O
                         net (fo=31, routed)          0.963     9.573    Slow_Clk_0/count[31]_i_1_n_0
    SLICE_X58Y16         FDRE                                         r  Slow_Clk_0/count_reg[5]/R
  -------------------------------------------------------------------    -------------------

                         (clock sys_clk_pin rise edge)
                                                     10.000    10.000 r  
    W5                                                0.000    10.000 r  Clk (IN)
                         net (fo=0)                   0.000    10.000    Clk
    W5                   IBUF (Prop_ibuf_I_O)         1.388    11.388 r  Clk_IBUF_inst/O
                         net (fo=1, routed)           1.862    13.250    Clk_IBUF
    BUFGCTRL_X0Y0        BUFG (Prop_bufg_I_O)         0.091    13.341 r  Clk_IBUF_BUFG_inst/O
                         net (fo=34, routed)          1.511    14.852    Slow_Clk_0/Clk_IBUF_BUFG
    SLICE_X58Y16         FDRE                                         r  Slow_Clk_0/count_reg[5]/C
                         clock pessimism              0.274    15.126    
                         clock uncertainty           -0.035    15.091    
    SLICE_X58Y16         FDRE (Setup_fdre_C_R)       -0.429    14.662    Slow_Clk_0/count_reg[5]
  -------------------------------------------------------------------
                         required time                         14.662    
                         arrival time                          -9.573    
  -------------------------------------------------------------------
                         slack                                  5.089    

Slack (MET) :             5.089ns  (required time - arrival time)
  Source:                 Slow_Clk_0/count_reg[4]/C
                            (rising edge-triggered cell FDRE clocked by sys_clk_pin  {rise@0.000ns fall@5.000ns period=10.000ns})
  Destination:            Slow_Clk_0/count_reg[6]/R
                            (rising edge-triggered cell FDRE clocked by sys_clk_pin  {rise@0.000ns fall@5.000ns period=10.000ns})
  Path Group:             sys_clk_pin
  Path Type:              Setup (Max at Slow Process Corner)
  Requirement:            10.000ns  (sys_clk_pin rise@10.000ns - sys_clk_pin rise@0.000ns)
  Data Path Delay:        4.422ns  (logic 1.056ns (23.881%)  route 3.366ns (76.119%))
  Logic Levels:           3  (LUT4=2 LUT5=1)
  Clock Path Skew:        -0.025ns (DCD - SCD + CPR)
    Destination Clock Delay (DCD):    4.852ns = ( 14.852 - 10.000 ) 
    Source Clock Delay      (SCD):    5.151ns
    Clock Pessimism Removal (CPR):    0.274ns
  Clock Uncertainty:      0.035ns  ((TSJ^2 + TIJ^2)^1/2 + DJ) / 2 + PE
    Total System Jitter     (TSJ):    0.071ns
    Total Input Jitter      (TIJ):    0.000ns
    Discrete Jitter          (DJ):    0.000ns
    Phase Error              (PE):    0.000ns

    Location             Delay type                Incr(ns)  Path(ns)    Netlist Resource(s)
  -------------------------------------------------------------------    -------------------
                         (clock sys_clk_pin rise edge)
                                                      0.000     0.000 r  
    W5                                                0.000     0.000 r  Clk (IN)
                         net (fo=0)                   0.000     0.000    Clk
    W5                   IBUF (Prop_ibuf_I_O)         1.458     1.458 r  Clk_IBUF_inst/O
                         net (fo=1, routed)           1.967     3.425    Clk_IBUF
    BUFGCTRL_X0Y0        BUFG (Prop_bufg_I_O)         0.096     3.521 r  Clk_IBUF_BUFG_inst/O
                         net (fo=34, routed)          1.630     5.151    Slow_Clk_0/Clk_IBUF_BUFG
    SLICE_X58Y15         FDRE                                         r  Slow_Clk_0/count_reg[4]/C
  -------------------------------------------------------------------    -------------------
    SLICE_X58Y15         FDRE (Prop_fdre_C_Q)         0.456     5.607 f  Slow_Clk_0/count_reg[4]/Q
                         net (fo=2, routed)           0.812     6.419    Slow_Clk_0/count[4]
    SLICE_X59Y16         LUT4 (Prop_lut4_I1_O)        0.124     6.543 f  Slow_Clk_0/count[31]_i_7/O
                         net (fo=1, routed)           0.633     7.177    Slow_Clk_0/count[31]_i_7_n_0
    SLICE_X59Y15         LUT5 (Prop_lut5_I4_O)        0.150     7.327 f  Slow_Clk_0/count[31]_i_3/O
                         net (fo=3, routed)           0.957     8.284    Slow_Clk_0/count[31]_i_3_n_0
    SLICE_X59Y19         LUT4 (Prop_lut4_I1_O)        0.326     8.610 r  Slow_Clk_0/count[31]_i_1/O
                         net (fo=31, routed)          0.963     9.573    Slow_Clk_0/count[31]_i_1_n_0
    SLICE_X58Y16         FDRE                                         r  Slow_Clk_0/count_reg[6]/R
  -------------------------------------------------------------------    -------------------

                         (clock sys_clk_pin rise edge)
                                                     10.000    10.000 r  
    W5                                                0.000    10.000 r  Clk (IN)
                         net (fo=0)                   0.000    10.000    Clk
    W5                   IBUF (Prop_ibuf_I_O)         1.388    11.388 r  Clk_IBUF_inst/O
                         net (fo=1, routed)           1.862    13.250    Clk_IBUF
    BUFGCTRL_X0Y0        BUFG (Prop_bufg_I_O)         0.091    13.341 r  Clk_IBUF_BUFG_inst/O
                         net (fo=34, routed)          1.511    14.852    Slow_Clk_0/Clk_IBUF_BUFG
    SLICE_X58Y16         FDRE                                         r  Slow_Clk_0/count_reg[6]/C
                         clock pessimism              0.274    15.126    
                         clock uncertainty           -0.035    15.091    
    SLICE_X58Y16         FDRE (Setup_fdre_C_R)       -0.429    14.662    Slow_Clk_0/count_reg[6]
  -------------------------------------------------------------------
                         required time                         14.662    
                         arrival time                          -9.573    
  -------------------------------------------------------------------
                         slack                                  5.089    

Slack (MET) :             5.089ns  (required time - arrival time)
  Source:                 Slow_Clk_0/count_reg[4]/C
                            (rising edge-triggered cell FDRE clocked by sys_clk_pin  {rise@0.000ns fall@5.000ns period=10.000ns})
  Destination:            Slow_Clk_0/count_reg[7]/R
                            (rising edge-triggered cell FDRE clocked by sys_clk_pin  {rise@0.000ns fall@5.000ns period=10.000ns})
  Path Group:             sys_clk_pin
  Path Type:              Setup (Max at Slow Process Corner)
  Requirement:            10.000ns  (sys_clk_pin rise@10.000ns - sys_clk_pin rise@0.000ns)
  Data Path Delay:        4.422ns  (logic 1.056ns (23.881%)  route 3.366ns (76.119%))
  Logic Levels:           3  (LUT4=2 LUT5=1)
  Clock Path Skew:        -0.025ns (DCD - SCD + CPR)
    Destination Clock Delay (DCD):    4.852ns = ( 14.852 - 10.000 ) 
    Source Clock Delay      (SCD):    5.151ns
    Clock Pessimism Removal (CPR):    0.274ns
  Clock Uncertainty:      0.035ns  ((TSJ^2 + TIJ^2)^1/2 + DJ) / 2 + PE
    Total System Jitter     (TSJ):    0.071ns
    Total Input Jitter      (TIJ):    0.000ns
    Discrete Jitter          (DJ):    0.000ns
    Phase Error              (PE):    0.000ns

    Location             Delay type                Incr(ns)  Path(ns)    Netlist Resource(s)
  -------------------------------------------------------------------    -------------------
                         (clock sys_clk_pin rise edge)
                                                      0.000     0.000 r  
    W5                                                0.000     0.000 r  Clk (IN)
                         net (fo=0)                   0.000     0.000    Clk
    W5                   IBUF (Prop_ibuf_I_O)         1.458     1.458 r  Clk_IBUF_inst/O
                         net (fo=1, routed)           1.967     3.425    Clk_IBUF
    BUFGCTRL_X0Y0        BUFG (Prop_bufg_I_O)         0.096     3.521 r  Clk_IBUF_BUFG_inst/O
                         net (fo=34, routed)          1.630     5.151    Slow_Clk_0/Clk_IBUF_BUFG
    SLICE_X58Y15         FDRE                                         r  Slow_Clk_0/count_reg[4]/C
  -------------------------------------------------------------------    -------------------
    SLICE_X58Y15         FDRE (Prop_fdre_C_Q)         0.456     5.607 f  Slow_Clk_0/count_reg[4]/Q
                         net (fo=2, routed)           0.812     6.419    Slow_Clk_0/count[4]
    SLICE_X59Y16         LUT4 (Prop_lut4_I1_O)        0.124     6.543 f  Slow_Clk_0/count[31]_i_7/O
                         net (fo=1, routed)           0.633     7.177    Slow_Clk_0/count[31]_i_7_n_0
    SLICE_X59Y15         LUT5 (Prop_lut5_I4_O)        0.150     7.327 f  Slow_Clk_0/count[31]_i_3/O
                         net (fo=3, routed)           0.957     8.284    Slow_Clk_0/count[31]_i_3_n_0
    SLICE_X59Y19         LUT4 (Prop_lut4_I1_O)        0.326     8.610 r  Slow_Clk_0/count[31]_i_1/O
                         net (fo=31, routed)          0.963     9.573    Slow_Clk_0/count[31]_i_1_n_0
    SLICE_X58Y16         FDRE                                         r  Slow_Clk_0/count_reg[7]/R
  -------------------------------------------------------------------    -------------------

                         (clock sys_clk_pin rise edge)
                                                     10.000    10.000 r  
    W5                                                0.000    10.000 r  Clk (IN)
                         net (fo=0)                   0.000    10.000    Clk
    W5                   IBUF (Prop_ibuf_I_O)         1.388    11.388 r  Clk_IBUF_inst/O
                         net (fo=1, routed)           1.862    13.250    Clk_IBUF
    BUFGCTRL_X0Y0        BUFG (Prop_bufg_I_O)         0.091    13.341 r  Clk_IBUF_BUFG_inst/O
                         net (fo=34, routed)          1.511    14.852    Slow_Clk_0/Clk_IBUF_BUFG
    SLICE_X58Y16         FDRE                                         r  Slow_Clk_0/count_reg[7]/C
                         clock pessimism              0.274    15.126    
                         clock uncertainty           -0.035    15.091    
    SLICE_X58Y16         FDRE (Setup_fdre_C_R)       -0.429    14.662    Slow_Clk_0/count_reg[7]
  -------------------------------------------------------------------
                         required time                         14.662    
                         arrival time                          -9.573    
  -------------------------------------------------------------------
                         slack                                  5.089    

Slack (MET) :             5.089ns  (required time - arrival time)
  Source:                 Slow_Clk_0/count_reg[4]/C
                            (rising edge-triggered cell FDRE clocked by sys_clk_pin  {rise@0.000ns fall@5.000ns period=10.000ns})
  Destination:            Slow_Clk_0/count_reg[8]/R
                            (rising edge-triggered cell FDRE clocked by sys_clk_pin  {rise@0.000ns fall@5.000ns period=10.000ns})
  Path Group:             sys_clk_pin
  Path Type:              Setup (Max at Slow Process Corner)
  Requirement:            10.000ns  (sys_clk_pin rise@10.000ns - sys_clk_pin rise@0.000ns)
  Data Path Delay:        4.422ns  (logic 1.056ns (23.881%)  route 3.366ns (76.119%))
  Logic Levels:           3  (LUT4=2 LUT5=1)
  Clock Path Skew:        -0.025ns (DCD - SCD + CPR)
    Destination Clock Delay (DCD):    4.852ns = ( 14.852 - 10.000 ) 
    Source Clock Delay      (SCD):    5.151ns
    Clock Pessimism Removal (CPR):    0.274ns
  Clock Uncertainty:      0.035ns  ((TSJ^2 + TIJ^2)^1/2 + DJ) / 2 + PE
    Total System Jitter     (TSJ):    0.071ns
    Total Input Jitter      (TIJ):    0.000ns
    Discrete Jitter          (DJ):    0.000ns
    Phase Error              (PE):    0.000ns

    Location             Delay type                Incr(ns)  Path(ns)    Netlist Resource(s)
  -------------------------------------------------------------------    -------------------
                         (clock sys_clk_pin rise edge)
                                                      0.000     0.000 r  
    W5                                                0.000     0.000 r  Clk (IN)
                         net (fo=0)                   0.000     0.000    Clk
    W5                   IBUF (Prop_ibuf_I_O)         1.458     1.458 r  Clk_IBUF_inst/O
                         net (fo=1, routed)           1.967     3.425    Clk_IBUF
    BUFGCTRL_X0Y0        BUFG (Prop_bufg_I_O)         0.096     3.521 r  Clk_IBUF_BUFG_inst/O
                         net (fo=34, routed)          1.630     5.151    Slow_Clk_0/Clk_IBUF_BUFG
    SLICE_X58Y15         FDRE                                         r  Slow_Clk_0/count_reg[4]/C
  -------------------------------------------------------------------    -------------------
    SLICE_X58Y15         FDRE (Prop_fdre_C_Q)         0.456     5.607 f  Slow_Clk_0/count_reg[4]/Q
                         net (fo=2, routed)           0.812     6.419    Slow_Clk_0/count[4]
    SLICE_X59Y16         LUT4 (Prop_lut4_I1_O)        0.124     6.543 f  Slow_Clk_0/count[31]_i_7/O
                         net (fo=1, routed)           0.633     7.177    Slow_Clk_0/count[31]_i_7_n_0
    SLICE_X59Y15         LUT5 (Prop_lut5_I4_O)        0.150     7.327 f  Slow_Clk_0/count[31]_i_3/O
                         net (fo=3, routed)           0.957     8.284    Slow_Clk_0/count[31]_i_3_n_0
    SLICE_X59Y19         LUT4 (Prop_lut4_I1_O)        0.326     8.610 r  Slow_Clk_0/count[31]_i_1/O
                         net (fo=31, routed)          0.963     9.573    Slow_Clk_0/count[31]_i_1_n_0
    SLICE_X58Y16         FDRE                                         r  Slow_Clk_0/count_reg[8]/R
  -------------------------------------------------------------------    -------------------

                         (clock sys_clk_pin rise edge)
                                                     10.000    10.000 r  
    W5                                                0.000    10.000 r  Clk (IN)
                         net (fo=0)                   0.000    10.000    Clk
    W5                   IBUF (Prop_ibuf_I_O)         1.388    11.388 r  Clk_IBUF_inst/O
                         net (fo=1, routed)           1.862    13.250    Clk_IBUF
    BUFGCTRL_X0Y0        BUFG (Prop_bufg_I_O)         0.091    13.341 r  Clk_IBUF_BUFG_inst/O
                         net (fo=34, routed)          1.511    14.852    Slow_Clk_0/Clk_IBUF_BUFG
    SLICE_X58Y16         FDRE                                         r  Slow_Clk_0/count_reg[8]/C
                         clock pessimism              0.274    15.126    
                         clock uncertainty           -0.035    15.091    
    SLICE_X58Y16         FDRE (Setup_fdre_C_R)       -0.429    14.662    Slow_Clk_0/count_reg[8]
  -------------------------------------------------------------------
                         required time                         14.662    
                         arrival time                          -9.573    
  -------------------------------------------------------------------
                         slack                                  5.089    

Slack (MET) :             5.137ns  (required time - arrival time)
  Source:                 Slow_Clk_0/count_reg[4]/C
                            (rising edge-triggered cell FDRE clocked by sys_clk_pin  {rise@0.000ns fall@5.000ns period=10.000ns})
  Destination:            Slow_Clk_0/count_reg[10]/R
                            (rising edge-triggered cell FDRE clocked by sys_clk_pin  {rise@0.000ns fall@5.000ns period=10.000ns})
  Path Group:             sys_clk_pin
  Path Type:              Setup (Max at Slow Process Corner)
  Requirement:            10.000ns  (sys_clk_pin rise@10.000ns - sys_clk_pin rise@0.000ns)
  Data Path Delay:        4.373ns  (logic 1.056ns (24.149%)  route 3.317ns (75.851%))
  Logic Levels:           3  (LUT4=2 LUT5=1)
  Clock Path Skew:        -0.026ns (DCD - SCD + CPR)
    Destination Clock Delay (DCD):    4.851ns = ( 14.851 - 10.000 ) 
    Source Clock Delay      (SCD):    5.151ns
    Clock Pessimism Removal (CPR):    0.274ns
  Clock Uncertainty:      0.035ns  ((TSJ^2 + TIJ^2)^1/2 + DJ) / 2 + PE
    Total System Jitter     (TSJ):    0.071ns
    Total Input Jitter      (TIJ):    0.000ns
    Discrete Jitter          (DJ):    0.000ns
    Phase Error              (PE):    0.000ns

    Location             Delay type                Incr(ns)  Path(ns)    Netlist Resource(s)
  -------------------------------------------------------------------    -------------------
                         (clock sys_clk_pin rise edge)
                                                      0.000     0.000 r  
    W5                                                0.000     0.000 r  Clk (IN)
                         net (fo=0)                   0.000     0.000    Clk
    W5                   IBUF (Prop_ibuf_I_O)         1.458     1.458 r  Clk_IBUF_inst/O
                         net (fo=1, routed)           1.967     3.425    Clk_IBUF
    BUFGCTRL_X0Y0        BUFG (Prop_bufg_I_O)         0.096     3.521 r  Clk_IBUF_BUFG_inst/O
                         net (fo=34, routed)          1.630     5.151    Slow_Clk_0/Clk_IBUF_BUFG
    SLICE_X58Y15         FDRE                                         r  Slow_Clk_0/count_reg[4]/C
  -------------------------------------------------------------------    -------------------
    SLICE_X58Y15         FDRE (Prop_fdre_C_Q)         0.456     5.607 f  Slow_Clk_0/count_reg[4]/Q
                         net (fo=2, routed)           0.812     6.419    Slow_Clk_0/count[4]
    SLICE_X59Y16         LUT4 (Prop_lut4_I1_O)        0.124     6.543 f  Slow_Clk_0/count[31]_i_7/O
                         net (fo=1, routed)           0.633     7.177    Slow_Clk_0/count[31]_i_7_n_0
    SLICE_X59Y15         LUT5 (Prop_lut5_I4_O)        0.150     7.327 f  Slow_Clk_0/count[31]_i_3/O
                         net (fo=3, routed)           0.957     8.284    Slow_Clk_0/count[31]_i_3_n_0
    SLICE_X59Y19         LUT4 (Prop_lut4_I1_O)        0.326     8.610 r  Slow_Clk_0/count[31]_i_1/O
                         net (fo=31, routed)          0.914     9.524    Slow_Clk_0/count[31]_i_1_n_0
    SLICE_X58Y17         FDRE                                         r  Slow_Clk_0/count_reg[10]/R
  -------------------------------------------------------------------    -------------------

                         (clock sys_clk_pin rise edge)
                                                     10.000    10.000 r  
    W5                                                0.000    10.000 r  Clk (IN)
                         net (fo=0)                   0.000    10.000    Clk
    W5                   IBUF (Prop_ibuf_I_O)         1.388    11.388 r  Clk_IBUF_inst/O
                         net (fo=1, routed)           1.862    13.250    Clk_IBUF
    BUFGCTRL_X0Y0        BUFG (Prop_bufg_I_O)         0.091    13.341 r  Clk_IBUF_BUFG_inst/O
                         net (fo=34, routed)          1.510    14.851    Slow_Clk_0/Clk_IBUF_BUFG
    SLICE_X58Y17         FDRE                                         r  Slow_Clk_0/count_reg[10]/C
                         clock pessimism              0.274    15.125    
                         clock uncertainty           -0.035    15.090    
    SLICE_X58Y17         FDRE (Setup_fdre_C_R)       -0.429    14.661    Slow_Clk_0/count_reg[10]
  -------------------------------------------------------------------
                         required time                         14.661    
                         arrival time                          -9.524    
  -------------------------------------------------------------------
                         slack                                  5.137    

Slack (MET) :             5.137ns  (required time - arrival time)
  Source:                 Slow_Clk_0/count_reg[4]/C
                            (rising edge-triggered cell FDRE clocked by sys_clk_pin  {rise@0.000ns fall@5.000ns period=10.000ns})
  Destination:            Slow_Clk_0/count_reg[11]/R
                            (rising edge-triggered cell FDRE clocked by sys_clk_pin  {rise@0.000ns fall@5.000ns period=10.000ns})
  Path Group:             sys_clk_pin
  Path Type:              Setup (Max at Slow Process Corner)
  Requirement:            10.000ns  (sys_clk_pin rise@10.000ns - sys_clk_pin rise@0.000ns)
  Data Path Delay:        4.373ns  (logic 1.056ns (24.149%)  route 3.317ns (75.851%))
  Logic Levels:           3  (LUT4=2 LUT5=1)
  Clock Path Skew:        -0.026ns (DCD - SCD + CPR)
    Destination Clock Delay (DCD):    4.851ns = ( 14.851 - 10.000 ) 
    Source Clock Delay      (SCD):    5.151ns
    Clock Pessimism Removal (CPR):    0.274ns
  Clock Uncertainty:      0.035ns  ((TSJ^2 + TIJ^2)^1/2 + DJ) / 2 + PE
    Total System Jitter     (TSJ):    0.071ns
    Total Input Jitter      (TIJ):    0.000ns
    Discrete Jitter          (DJ):    0.000ns
    Phase Error              (PE):    0.000ns

    Location             Delay type                Incr(ns)  Path(ns)    Netlist Resource(s)
  -------------------------------------------------------------------    -------------------
                         (clock sys_clk_pin rise edge)
                                                      0.000     0.000 r  
    W5                                                0.000     0.000 r  Clk (IN)
                         net (fo=0)                   0.000     0.000    Clk
    W5                   IBUF (Prop_ibuf_I_O)         1.458     1.458 r  Clk_IBUF_inst/O
                         net (fo=1, routed)           1.967     3.425    Clk_IBUF
    BUFGCTRL_X0Y0        BUFG (Prop_bufg_I_O)         0.096     3.521 r  Clk_IBUF_BUFG_inst/O
                         net (fo=34, routed)          1.630     5.151    Slow_Clk_0/Clk_IBUF_BUFG
    SLICE_X58Y15         FDRE                                         r  Slow_Clk_0/count_reg[4]/C
  -------------------------------------------------------------------    -------------------
    SLICE_X58Y15         FDRE (Prop_fdre_C_Q)         0.456     5.607 f  Slow_Clk_0/count_reg[4]/Q
                         net (fo=2, routed)           0.812     6.419    Slow_Clk_0/count[4]
    SLICE_X59Y16         LUT4 (Prop_lut4_I1_O)        0.124     6.543 f  Slow_Clk_0/count[31]_i_7/O
                         net (fo=1, routed)           0.633     7.177    Slow_Clk_0/count[31]_i_7_n_0
    SLICE_X59Y15         LUT5 (Prop_lut5_I4_O)        0.150     7.327 f  Slow_Clk_0/count[31]_i_3/O
                         net (fo=3, routed)           0.957     8.284    Slow_Clk_0/count[31]_i_3_n_0
    SLICE_X59Y19         LUT4 (Prop_lut4_I1_O)        0.326     8.610 r  Slow_Clk_0/count[31]_i_1/O
                         net (fo=31, routed)          0.914     9.524    Slow_Clk_0/count[31]_i_1_n_0
    SLICE_X58Y17         FDRE                                         r  Slow_Clk_0/count_reg[11]/R
  -------------------------------------------------------------------    -------------------

                         (clock sys_clk_pin rise edge)
                                                     10.000    10.000 r  
    W5                                                0.000    10.000 r  Clk (IN)
                         net (fo=0)                   0.000    10.000    Clk
    W5                   IBUF (Prop_ibuf_I_O)         1.388    11.388 r  Clk_IBUF_inst/O
                         net (fo=1, routed)           1.862    13.250    Clk_IBUF
    BUFGCTRL_X0Y0        BUFG (Prop_bufg_I_O)         0.091    13.341 r  Clk_IBUF_BUFG_inst/O
                         net (fo=34, routed)          1.510    14.851    Slow_Clk_0/Clk_IBUF_BUFG
    SLICE_X58Y17         FDRE                                         r  Slow_Clk_0/count_reg[11]/C
                         clock pessimism              0.274    15.125    
                         clock uncertainty           -0.035    15.090    
    SLICE_X58Y17         FDRE (Setup_fdre_C_R)       -0.429    14.661    Slow_Clk_0/count_reg[11]
  -------------------------------------------------------------------
                         required time                         14.661    
                         arrival time                          -9.524    
  -------------------------------------------------------------------
                         slack                                  5.137    





Min Delay Paths
--------------------------------------------------------------------------------------
Slack (MET) :             0.261ns  (arrival time - required time)
  Source:                 Slow_Clk_0/count_reg[18]/C
                            (rising edge-triggered cell FDRE clocked by sys_clk_pin  {rise@0.000ns fall@5.000ns period=10.000ns})
  Destination:            Slow_Clk_0/clk_status_reg/D
                            (rising edge-triggered cell FDRE clocked by sys_clk_pin  {rise@0.000ns fall@5.000ns period=10.000ns})
  Path Group:             sys_clk_pin
  Path Type:              Hold (Min at Fast Process Corner)
  Requirement:            0.000ns  (sys_clk_pin rise@0.000ns - sys_clk_pin rise@0.000ns)
  Data Path Delay:        0.366ns  (logic 0.231ns (63.161%)  route 0.135ns (36.839%))
  Logic Levels:           2  (LUT5=2)
  Clock Path Skew:        0.013ns (DCD - SCD - CPR)
    Destination Clock Delay (DCD):    1.981ns
    Source Clock Delay      (SCD):    1.469ns
    Clock Pessimism Removal (CPR):    0.499ns

    Location             Delay type                Incr(ns)  Path(ns)    Netlist Resource(s)
  -------------------------------------------------------------------    -------------------
                         (clock sys_clk_pin rise edge)
                                                      0.000     0.000 r  
    W5                                                0.000     0.000 r  Clk (IN)
                         net (fo=0)                   0.000     0.000    Clk
    W5                   IBUF (Prop_ibuf_I_O)         0.226     0.226 r  Clk_IBUF_inst/O
                         net (fo=1, routed)           0.631     0.858    Clk_IBUF
    BUFGCTRL_X0Y0        BUFG (Prop_bufg_I_O)         0.026     0.884 r  Clk_IBUF_BUFG_inst/O
                         net (fo=34, routed)          0.586     1.469    Slow_Clk_0/Clk_IBUF_BUFG
    SLICE_X58Y19         FDRE                                         r  Slow_Clk_0/count_reg[18]/C
  -------------------------------------------------------------------    -------------------
    SLICE_X58Y19         FDRE (Prop_fdre_C_Q)         0.141     1.610 f  Slow_Clk_0/count_reg[18]/Q
                         net (fo=2, routed)           0.062     1.672    Slow_Clk_0/count[18]
    SLICE_X59Y19         LUT5 (Prop_lut5_I1_O)        0.045     1.717 r  Slow_Clk_0/count[31]_i_5/O
                         net (fo=3, routed)           0.073     1.790    Slow_Clk_0/count[31]_i_5_n_0
    SLICE_X59Y19         LUT5 (Prop_lut5_I0_O)        0.045     1.835 r  Slow_Clk_0/clk_status_i_1/O
                         net (fo=1, routed)           0.000     1.835    Slow_Clk_0/clk_status_i_1_n_0
    SLICE_X59Y19         FDRE                                         r  Slow_Clk_0/clk_status_reg/D
  -------------------------------------------------------------------    -------------------

                         (clock sys_clk_pin rise edge)
                                                      0.000     0.000 r  
    W5                                                0.000     0.000 r  Clk (IN)
                         net (fo=0)                   0.000     0.000    Clk
    W5                   IBUF (Prop_ibuf_I_O)         0.414     0.414 r  Clk_IBUF_inst/O
                         net (fo=1, routed)           0.685     1.099    Clk_IBUF
    BUFGCTRL_X0Y0        BUFG (Prop_bufg_I_O)         0.029     1.128 r  Clk_IBUF_BUFG_inst/O
                         net (fo=34, routed)          0.854     1.981    Slow_Clk_0/Clk_IBUF_BUFG
    SLICE_X59Y19         FDRE                                         r  Slow_Clk_0/clk_status_reg/C
                         clock pessimism             -0.499     1.482    
    SLICE_X59Y19         FDRE (Hold_fdre_C_D)         0.092     1.574    Slow_Clk_0/clk_status_reg
  -------------------------------------------------------------------
                         required time                         -1.574    
                         arrival time                           1.835    
  -------------------------------------------------------------------
                         slack                                  0.261    

Slack (MET) :             0.263ns  (arrival time - required time)
  Source:                 Slow_Clk_0/count_reg[18]/C
                            (rising edge-triggered cell FDRE clocked by sys_clk_pin  {rise@0.000ns fall@5.000ns period=10.000ns})
  Destination:            Slow_Clk_0/Clk_out_reg/D
                            (rising edge-triggered cell FDRE clocked by sys_clk_pin  {rise@0.000ns fall@5.000ns period=10.000ns})
  Path Group:             sys_clk_pin
  Path Type:              Hold (Min at Fast Process Corner)
  Requirement:            0.000ns  (sys_clk_pin rise@0.000ns - sys_clk_pin rise@0.000ns)
  Data Path Delay:        0.367ns  (logic 0.231ns (62.989%)  route 0.136ns (37.011%))
  Logic Levels:           2  (LUT5=1 LUT6=1)
  Clock Path Skew:        0.013ns (DCD - SCD - CPR)
    Destination Clock Delay (DCD):    1.981ns
    Source Clock Delay      (SCD):    1.469ns
    Clock Pessimism Removal (CPR):    0.499ns

    Location             Delay type                Incr(ns)  Path(ns)    Netlist Resource(s)
  -------------------------------------------------------------------    -------------------
                         (clock sys_clk_pin rise edge)
                                                      0.000     0.000 r  
    W5                                                0.000     0.000 r  Clk (IN)
                         net (fo=0)                   0.000     0.000    Clk
    W5                   IBUF (Prop_ibuf_I_O)         0.226     0.226 r  Clk_IBUF_inst/O
                         net (fo=1, routed)           0.631     0.858    Clk_IBUF
    BUFGCTRL_X0Y0        BUFG (Prop_bufg_I_O)         0.026     0.884 r  Clk_IBUF_BUFG_inst/O
                         net (fo=34, routed)          0.586     1.469    Slow_Clk_0/Clk_IBUF_BUFG
    SLICE_X58Y19         FDRE                                         r  Slow_Clk_0/count_reg[18]/C
  -------------------------------------------------------------------    -------------------
    SLICE_X58Y19         FDRE (Prop_fdre_C_Q)         0.141     1.610 f  Slow_Clk_0/count_reg[18]/Q
                         net (fo=2, routed)           0.062     1.672    Slow_Clk_0/count[18]
    SLICE_X59Y19         LUT5 (Prop_lut5_I1_O)        0.045     1.717 r  Slow_Clk_0/count[31]_i_5/O
                         net (fo=3, routed)           0.074     1.791    Slow_Clk_0/count[31]_i_5_n_0
    SLICE_X59Y19         LUT6 (Prop_lut6_I4_O)        0.045     1.836 r  Slow_Clk_0/Clk_out_i_1/O
                         net (fo=1, routed)           0.000     1.836    Slow_Clk_0/Clk_out_i_1_n_0
    SLICE_X59Y19         FDRE                                         r  Slow_Clk_0/Clk_out_reg/D
  -------------------------------------------------------------------    -------------------

                         (clock sys_clk_pin rise edge)
                                                      0.000     0.000 r  
    W5                                                0.000     0.000 r  Clk (IN)
                         net (fo=0)                   0.000     0.000    Clk
    W5                   IBUF (Prop_ibuf_I_O)         0.414     0.414 r  Clk_IBUF_inst/O
                         net (fo=1, routed)           0.685     1.099    Clk_IBUF
    BUFGCTRL_X0Y0        BUFG (Prop_bufg_I_O)         0.029     1.128 r  Clk_IBUF_BUFG_inst/O
                         net (fo=34, routed)          0.854     1.981    Slow_Clk_0/Clk_IBUF_BUFG
    SLICE_X59Y19         FDRE                                         r  Slow_Clk_0/Clk_out_reg/C
                         clock pessimism             -0.499     1.482    
    SLICE_X59Y19         FDRE (Hold_fdre_C_D)         0.091     1.573    Slow_Clk_0/Clk_out_reg
  -------------------------------------------------------------------
                         required time                         -1.573    
                         arrival time                           1.836    
  -------------------------------------------------------------------
                         slack                                  0.263    

Slack (MET) :             0.280ns  (arrival time - required time)
  Source:                 Slow_Clk_0/count_reg[7]/C
                            (rising edge-triggered cell FDRE clocked by sys_clk_pin  {rise@0.000ns fall@5.000ns period=10.000ns})
  Destination:            Slow_Clk_0/count_reg[7]/D
                            (rising edge-triggered cell FDRE clocked by sys_clk_pin  {rise@0.000ns fall@5.000ns period=10.000ns})
  Path Group:             sys_clk_pin
  Path Type:              Hold (Min at Fast Process Corner)
  Requirement:            0.000ns  (sys_clk_pin rise@0.000ns - sys_clk_pin rise@0.000ns)
  Data Path Delay:        0.385ns  (logic 0.252ns (65.529%)  route 0.133ns (34.471%))
  Logic Levels:           1  (CARRY4=1)
  Clock Path Skew:        0.000ns (DCD - SCD - CPR)
    Destination Clock Delay (DCD):    1.984ns
    Source Clock Delay      (SCD):    1.472ns
    Clock Pessimism Removal (CPR):    0.512ns

    Location             Delay type                Incr(ns)  Path(ns)    Netlist Resource(s)
  -------------------------------------------------------------------    -------------------
                         (clock sys_clk_pin rise edge)
                                                      0.000     0.000 r  
    W5                                                0.000     0.000 r  Clk (IN)
                         net (fo=0)                   0.000     0.000    Clk
    W5                   IBUF (Prop_ibuf_I_O)         0.226     0.226 r  Clk_IBUF_inst/O
                         net (fo=1, routed)           0.631     0.858    Clk_IBUF
    BUFGCTRL_X0Y0        BUFG (Prop_bufg_I_O)         0.026     0.884 r  Clk_IBUF_BUFG_inst/O
                         net (fo=34, routed)          0.589     1.472    Slow_Clk_0/Clk_IBUF_BUFG
    SLICE_X58Y16         FDRE                                         r  Slow_Clk_0/count_reg[7]/C
  -------------------------------------------------------------------    -------------------
    SLICE_X58Y16         FDRE (Prop_fdre_C_Q)         0.141     1.613 r  Slow_Clk_0/count_reg[7]/Q
                         net (fo=2, routed)           0.133     1.746    Slow_Clk_0/count[7]
    SLICE_X58Y16         CARRY4 (Prop_carry4_S[2]_O[2])
                                                      0.111     1.857 r  Slow_Clk_0/count0_carry__0/O[2]
                         net (fo=1, routed)           0.000     1.857    Slow_Clk_0/data0[7]
    SLICE_X58Y16         FDRE                                         r  Slow_Clk_0/count_reg[7]/D
  -------------------------------------------------------------------    -------------------

                         (clock sys_clk_pin rise edge)
                                                      0.000     0.000 r  
    W5                                                0.000     0.000 r  Clk (IN)
                         net (fo=0)                   0.000     0.000    Clk
    W5                   IBUF (Prop_ibuf_I_O)         0.414     0.414 r  Clk_IBUF_inst/O
                         net (fo=1, routed)           0.685     1.099    Clk_IBUF
    BUFGCTRL_X0Y0        BUFG (Prop_bufg_I_O)         0.029     1.128 r  Clk_IBUF_BUFG_inst/O
                         net (fo=34, routed)          0.857     1.984    Slow_Clk_0/Clk_IBUF_BUFG
    SLICE_X58Y16         FDRE                                         r  Slow_Clk_0/count_reg[7]/C
                         clock pessimism             -0.512     1.472    
    SLICE_X58Y16         FDRE (Hold_fdre_C_D)         0.105     1.577    Slow_Clk_0/count_reg[7]
  -------------------------------------------------------------------
                         required time                         -1.577    
                         arrival time                           1.857    
  -------------------------------------------------------------------
                         slack                                  0.280    

Slack (MET) :             0.280ns  (arrival time - required time)
  Source:                 Slow_Clk_0/count_reg[31]/C
                            (rising edge-triggered cell FDRE clocked by sys_clk_pin  {rise@0.000ns fall@5.000ns period=10.000ns})
  Destination:            Slow_Clk_0/count_reg[31]/D
                            (rising edge-triggered cell FDRE clocked by sys_clk_pin  {rise@0.000ns fall@5.000ns period=10.000ns})
  Path Group:             sys_clk_pin
  Path Type:              Hold (Min at Fast Process Corner)
  Requirement:            0.000ns  (sys_clk_pin rise@0.000ns - sys_clk_pin rise@0.000ns)
  Data Path Delay:        0.385ns  (logic 0.252ns (65.529%)  route 0.133ns (34.471%))
  Logic Levels:           1  (CARRY4=1)
  Clock Path Skew:        0.000ns (DCD - SCD - CPR)
    Destination Clock Delay (DCD):    1.978ns
    Source Clock Delay      (SCD):    1.467ns
    Clock Pessimism Removal (CPR):    0.511ns

    Location             Delay type                Incr(ns)  Path(ns)    Netlist Resource(s)
  -------------------------------------------------------------------    -------------------
                         (clock sys_clk_pin rise edge)
                                                      0.000     0.000 r  
    W5                                                0.000     0.000 r  Clk (IN)
                         net (fo=0)                   0.000     0.000    Clk
    W5                   IBUF (Prop_ibuf_I_O)         0.226     0.226 r  Clk_IBUF_inst/O
                         net (fo=1, routed)           0.631     0.858    Clk_IBUF
    BUFGCTRL_X0Y0        BUFG (Prop_bufg_I_O)         0.026     0.884 r  Clk_IBUF_BUFG_inst/O
                         net (fo=34, routed)          0.584     1.467    Slow_Clk_0/Clk_IBUF_BUFG
    SLICE_X58Y22         FDRE                                         r  Slow_Clk_0/count_reg[31]/C
  -------------------------------------------------------------------    -------------------
    SLICE_X58Y22         FDRE (Prop_fdre_C_Q)         0.141     1.608 r  Slow_Clk_0/count_reg[31]/Q
                         net (fo=2, routed)           0.133     1.741    Slow_Clk_0/count[31]
    SLICE_X58Y22         CARRY4 (Prop_carry4_S[2]_O[2])
                                                      0.111     1.852 r  Slow_Clk_0/count0_carry__6/O[2]
                         net (fo=1, routed)           0.000     1.852    Slow_Clk_0/data0[31]
    SLICE_X58Y22         FDRE                                         r  Slow_Clk_0/count_reg[31]/D
  -------------------------------------------------------------------    -------------------

                         (clock sys_clk_pin rise edge)
                                                      0.000     0.000 r  
    W5                                                0.000     0.000 r  Clk (IN)
                         net (fo=0)                   0.000     0.000    Clk
    W5                   IBUF (Prop_ibuf_I_O)         0.414     0.414 r  Clk_IBUF_inst/O
                         net (fo=1, routed)           0.685     1.099    Clk_IBUF
    BUFGCTRL_X0Y0        BUFG (Prop_bufg_I_O)         0.029     1.128 r  Clk_IBUF_BUFG_inst/O
                         net (fo=34, routed)          0.851     1.978    Slow_Clk_0/Clk_IBUF_BUFG
    SLICE_X58Y22         FDRE                                         r  Slow_Clk_0/count_reg[31]/C
                         clock pessimism             -0.511     1.467    
    SLICE_X58Y22         FDRE (Hold_fdre_C_D)         0.105     1.572    Slow_Clk_0/count_reg[31]
  -------------------------------------------------------------------
                         required time                         -1.572    
                         arrival time                           1.852    
  -------------------------------------------------------------------
                         slack                                  0.280    

Slack (MET) :             0.280ns  (arrival time - required time)
  Source:                 Slow_Clk_0/count_reg[15]/C
                            (rising edge-triggered cell FDRE clocked by sys_clk_pin  {rise@0.000ns fall@5.000ns period=10.000ns})
  Destination:            Slow_Clk_0/count_reg[15]/D
                            (rising edge-triggered cell FDRE clocked by sys_clk_pin  {rise@0.000ns fall@5.000ns period=10.000ns})
  Path Group:             sys_clk_pin
  Path Type:              Hold (Min at Fast Process Corner)
  Requirement:            0.000ns  (sys_clk_pin rise@0.000ns - sys_clk_pin rise@0.000ns)
  Data Path Delay:        0.385ns  (logic 0.252ns (65.529%)  route 0.133ns (34.471%))
  Logic Levels:           1  (CARRY4=1)
  Clock Path Skew:        0.000ns (DCD - SCD - CPR)
    Destination Clock Delay (DCD):    1.982ns
    Source Clock Delay      (SCD):    1.470ns
    Clock Pessimism Removal (CPR):    0.512ns

    Location             Delay type                Incr(ns)  Path(ns)    Netlist Resource(s)
  -------------------------------------------------------------------    -------------------
                         (clock sys_clk_pin rise edge)
                                                      0.000     0.000 r  
    W5                                                0.000     0.000 r  Clk (IN)
                         net (fo=0)                   0.000     0.000    Clk
    W5                   IBUF (Prop_ibuf_I_O)         0.226     0.226 r  Clk_IBUF_inst/O
                         net (fo=1, routed)           0.631     0.858    Clk_IBUF
    BUFGCTRL_X0Y0        BUFG (Prop_bufg_I_O)         0.026     0.884 r  Clk_IBUF_BUFG_inst/O
                         net (fo=34, routed)          0.587     1.470    Slow_Clk_0/Clk_IBUF_BUFG
    SLICE_X58Y18         FDRE                                         r  Slow_Clk_0/count_reg[15]/C
  -------------------------------------------------------------------    -------------------
    SLICE_X58Y18         FDRE (Prop_fdre_C_Q)         0.141     1.611 r  Slow_Clk_0/count_reg[15]/Q
                         net (fo=2, routed)           0.133     1.744    Slow_Clk_0/count[15]
    SLICE_X58Y18         CARRY4 (Prop_carry4_S[2]_O[2])
                                                      0.111     1.855 r  Slow_Clk_0/count0_carry__2/O[2]
                         net (fo=1, routed)           0.000     1.855    Slow_Clk_0/data0[15]
    SLICE_X58Y18         FDRE                                         r  Slow_Clk_0/count_reg[15]/D
  -------------------------------------------------------------------    -------------------

                         (clock sys_clk_pin rise edge)
                                                      0.000     0.000 r  
    W5                                                0.000     0.000 r  Clk (IN)
                         net (fo=0)                   0.000     0.000    Clk
    W5                   IBUF (Prop_ibuf_I_O)         0.414     0.414 r  Clk_IBUF_inst/O
                         net (fo=1, routed)           0.685     1.099    Clk_IBUF
    BUFGCTRL_X0Y0        BUFG (Prop_bufg_I_O)         0.029     1.128 r  Clk_IBUF_BUFG_inst/O
                         net (fo=34, routed)          0.855     1.982    Slow_Clk_0/Clk_IBUF_BUFG
    SLICE_X58Y18         FDRE                                         r  Slow_Clk_0/count_reg[15]/C
                         clock pessimism             -0.512     1.470    
    SLICE_X58Y18         FDRE (Hold_fdre_C_D)         0.105     1.575    Slow_Clk_0/count_reg[15]
  -------------------------------------------------------------------
                         required time                         -1.575    
                         arrival time                           1.855    
  -------------------------------------------------------------------
                         slack                                  0.280    

Slack (MET) :             0.280ns  (arrival time - required time)
  Source:                 Slow_Clk_0/count_reg[23]/C
                            (rising edge-triggered cell FDRE clocked by sys_clk_pin  {rise@0.000ns fall@5.000ns period=10.000ns})
  Destination:            Slow_Clk_0/count_reg[23]/D
                            (rising edge-triggered cell FDRE clocked by sys_clk_pin  {rise@0.000ns fall@5.000ns period=10.000ns})
  Path Group:             sys_clk_pin
  Path Type:              Hold (Min at Fast Process Corner)
  Requirement:            0.000ns  (sys_clk_pin rise@0.000ns - sys_clk_pin rise@0.000ns)
  Data Path Delay:        0.385ns  (logic 0.252ns (65.529%)  route 0.133ns (34.471%))
  Logic Levels:           1  (CARRY4=1)
  Clock Path Skew:        0.000ns (DCD - SCD - CPR)
    Destination Clock Delay (DCD):    1.980ns
    Source Clock Delay      (SCD):    1.468ns
    Clock Pessimism Removal (CPR):    0.512ns

    Location             Delay type                Incr(ns)  Path(ns)    Netlist Resource(s)
  -------------------------------------------------------------------    -------------------
                         (clock sys_clk_pin rise edge)
                                                      0.000     0.000 r  
    W5                                                0.000     0.000 r  Clk (IN)
                         net (fo=0)                   0.000     0.000    Clk
    W5                   IBUF (Prop_ibuf_I_O)         0.226     0.226 r  Clk_IBUF_inst/O
                         net (fo=1, routed)           0.631     0.858    Clk_IBUF
    BUFGCTRL_X0Y0        BUFG (Prop_bufg_I_O)         0.026     0.884 r  Clk_IBUF_BUFG_inst/O
                         net (fo=34, routed)          0.585     1.468    Slow_Clk_0/Clk_IBUF_BUFG
    SLICE_X58Y20         FDRE                                         r  Slow_Clk_0/count_reg[23]/C
  -------------------------------------------------------------------    -------------------
    SLICE_X58Y20         FDRE (Prop_fdre_C_Q)         0.141     1.609 r  Slow_Clk_0/count_reg[23]/Q
                         net (fo=2, routed)           0.133     1.742    Slow_Clk_0/count[23]
    SLICE_X58Y20         CARRY4 (Prop_carry4_S[2]_O[2])
                                                      0.111     1.853 r  Slow_Clk_0/count0_carry__4/O[2]
                         net (fo=1, routed)           0.000     1.853    Slow_Clk_0/data0[23]
    SLICE_X58Y20         FDRE                                         r  Slow_Clk_0/count_reg[23]/D
  -------------------------------------------------------------------    -------------------

                         (clock sys_clk_pin rise edge)
                                                      0.000     0.000 r  
    W5                                                0.000     0.000 r  Clk (IN)
                         net (fo=0)                   0.000     0.000    Clk
    W5                   IBUF (Prop_ibuf_I_O)         0.414     0.414 r  Clk_IBUF_inst/O
                         net (fo=1, routed)           0.685     1.099    Clk_IBUF
    BUFGCTRL_X0Y0        BUFG (Prop_bufg_I_O)         0.029     1.128 r  Clk_IBUF_BUFG_inst/O
                         net (fo=34, routed)          0.853     1.980    Slow_Clk_0/Clk_IBUF_BUFG
    SLICE_X58Y20         FDRE                                         r  Slow_Clk_0/count_reg[23]/C
                         clock pessimism             -0.512     1.468    
    SLICE_X58Y20         FDRE (Hold_fdre_C_D)         0.105     1.573    Slow_Clk_0/count_reg[23]
  -------------------------------------------------------------------
                         required time                         -1.573    
                         arrival time                           1.853    
  -------------------------------------------------------------------
                         slack                                  0.280    

Slack (MET) :             0.280ns  (arrival time - required time)
  Source:                 Slow_Clk_0/count_reg[27]/C
                            (rising edge-triggered cell FDRE clocked by sys_clk_pin  {rise@0.000ns fall@5.000ns period=10.000ns})
  Destination:            Slow_Clk_0/count_reg[27]/D
                            (rising edge-triggered cell FDRE clocked by sys_clk_pin  {rise@0.000ns fall@5.000ns period=10.000ns})
  Path Group:             sys_clk_pin
  Path Type:              Hold (Min at Fast Process Corner)
  Requirement:            0.000ns  (sys_clk_pin rise@0.000ns - sys_clk_pin rise@0.000ns)
  Data Path Delay:        0.385ns  (logic 0.252ns (65.465%)  route 0.133ns (34.535%))
  Logic Levels:           1  (CARRY4=1)
  Clock Path Skew:        0.000ns (DCD - SCD - CPR)
    Destination Clock Delay (DCD):    1.979ns
    Source Clock Delay      (SCD):    1.467ns
    Clock Pessimism Removal (CPR):    0.512ns

    Location             Delay type                Incr(ns)  Path(ns)    Netlist Resource(s)
  -------------------------------------------------------------------    -------------------
                         (clock sys_clk_pin rise edge)
                                                      0.000     0.000 r  
    W5                                                0.000     0.000 r  Clk (IN)
                         net (fo=0)                   0.000     0.000    Clk
    W5                   IBUF (Prop_ibuf_I_O)         0.226     0.226 r  Clk_IBUF_inst/O
                         net (fo=1, routed)           0.631     0.858    Clk_IBUF
    BUFGCTRL_X0Y0        BUFG (Prop_bufg_I_O)         0.026     0.884 r  Clk_IBUF_BUFG_inst/O
                         net (fo=34, routed)          0.584     1.467    Slow_Clk_0/Clk_IBUF_BUFG
    SLICE_X58Y21         FDRE                                         r  Slow_Clk_0/count_reg[27]/C
  -------------------------------------------------------------------    -------------------
    SLICE_X58Y21         FDRE (Prop_fdre_C_Q)         0.141     1.608 r  Slow_Clk_0/count_reg[27]/Q
                         net (fo=2, routed)           0.133     1.741    Slow_Clk_0/count[27]
    SLICE_X58Y21         CARRY4 (Prop_carry4_S[2]_O[2])
                                                      0.111     1.852 r  Slow_Clk_0/count0_carry__5/O[2]
                         net (fo=1, routed)           0.000     1.852    Slow_Clk_0/data0[27]
    SLICE_X58Y21         FDRE                                         r  Slow_Clk_0/count_reg[27]/D
  -------------------------------------------------------------------    -------------------

                         (clock sys_clk_pin rise edge)
                                                      0.000     0.000 r  
    W5                                                0.000     0.000 r  Clk (IN)
                         net (fo=0)                   0.000     0.000    Clk
    W5                   IBUF (Prop_ibuf_I_O)         0.414     0.414 r  Clk_IBUF_inst/O
                         net (fo=1, routed)           0.685     1.099    Clk_IBUF
    BUFGCTRL_X0Y0        BUFG (Prop_bufg_I_O)         0.029     1.128 r  Clk_IBUF_BUFG_inst/O
                         net (fo=34, routed)          0.852     1.979    Slow_Clk_0/Clk_IBUF_BUFG
    SLICE_X58Y21         FDRE                                         r  Slow_Clk_0/count_reg[27]/C
                         clock pessimism             -0.512     1.467    
    SLICE_X58Y21         FDRE (Hold_fdre_C_D)         0.105     1.572    Slow_Clk_0/count_reg[27]
  -------------------------------------------------------------------
                         required time                         -1.572    
                         arrival time                           1.852    
  -------------------------------------------------------------------
                         slack                                  0.280    

Slack (MET) :             0.280ns  (arrival time - required time)
  Source:                 Slow_Clk_0/count_reg[11]/C
                            (rising edge-triggered cell FDRE clocked by sys_clk_pin  {rise@0.000ns fall@5.000ns period=10.000ns})
  Destination:            Slow_Clk_0/count_reg[11]/D
                            (rising edge-triggered cell FDRE clocked by sys_clk_pin  {rise@0.000ns fall@5.000ns period=10.000ns})
  Path Group:             sys_clk_pin
  Path Type:              Hold (Min at Fast Process Corner)
  Requirement:            0.000ns  (sys_clk_pin rise@0.000ns - sys_clk_pin rise@0.000ns)
  Data Path Delay:        0.385ns  (logic 0.252ns (65.465%)  route 0.133ns (34.535%))
  Logic Levels:           1  (CARRY4=1)
  Clock Path Skew:        0.000ns (DCD - SCD - CPR)
    Destination Clock Delay (DCD):    1.983ns
    Source Clock Delay      (SCD):    1.471ns
    Clock Pessimism Removal (CPR):    0.512ns

    Location             Delay type                Incr(ns)  Path(ns)    Netlist Resource(s)
  -------------------------------------------------------------------    -------------------
                         (clock sys_clk_pin rise edge)
                                                      0.000     0.000 r  
    W5                                                0.000     0.000 r  Clk (IN)
                         net (fo=0)                   0.000     0.000    Clk
    W5                   IBUF (Prop_ibuf_I_O)         0.226     0.226 r  Clk_IBUF_inst/O
                         net (fo=1, routed)           0.631     0.858    Clk_IBUF
    BUFGCTRL_X0Y0        BUFG (Prop_bufg_I_O)         0.026     0.884 r  Clk_IBUF_BUFG_inst/O
                         net (fo=34, routed)          0.588     1.471    Slow_Clk_0/Clk_IBUF_BUFG
    SLICE_X58Y17         FDRE                                         r  Slow_Clk_0/count_reg[11]/C
  -------------------------------------------------------------------    -------------------
    SLICE_X58Y17         FDRE (Prop_fdre_C_Q)         0.141     1.612 r  Slow_Clk_0/count_reg[11]/Q
                         net (fo=2, routed)           0.133     1.745    Slow_Clk_0/count[11]
    SLICE_X58Y17         CARRY4 (Prop_carry4_S[2]_O[2])
                                                      0.111     1.856 r  Slow_Clk_0/count0_carry__1/O[2]
                         net (fo=1, routed)           0.000     1.856    Slow_Clk_0/data0[11]
    SLICE_X58Y17         FDRE                                         r  Slow_Clk_0/count_reg[11]/D
  -------------------------------------------------------------------    -------------------

                         (clock sys_clk_pin rise edge)
                                                      0.000     0.000 r  
    W5                                                0.000     0.000 r  Clk (IN)
                         net (fo=0)                   0.000     0.000    Clk
    W5                   IBUF (Prop_ibuf_I_O)         0.414     0.414 r  Clk_IBUF_inst/O
                         net (fo=1, routed)           0.685     1.099    Clk_IBUF
    BUFGCTRL_X0Y0        BUFG (Prop_bufg_I_O)         0.029     1.128 r  Clk_IBUF_BUFG_inst/O
                         net (fo=34, routed)          0.856     1.983    Slow_Clk_0/Clk_IBUF_BUFG
    SLICE_X58Y17         FDRE                                         r  Slow_Clk_0/count_reg[11]/C
                         clock pessimism             -0.512     1.471    
    SLICE_X58Y17         FDRE (Hold_fdre_C_D)         0.105     1.576    Slow_Clk_0/count_reg[11]
  -------------------------------------------------------------------
                         required time                         -1.576    
                         arrival time                           1.856    
  -------------------------------------------------------------------
                         slack                                  0.280    

Slack (MET) :             0.280ns  (arrival time - required time)
  Source:                 Slow_Clk_0/count_reg[3]/C
                            (rising edge-triggered cell FDRE clocked by sys_clk_pin  {rise@0.000ns fall@5.000ns period=10.000ns})
  Destination:            Slow_Clk_0/count_reg[3]/D
                            (rising edge-triggered cell FDRE clocked by sys_clk_pin  {rise@0.000ns fall@5.000ns period=10.000ns})
  Path Group:             sys_clk_pin
  Path Type:              Hold (Min at Fast Process Corner)
  Requirement:            0.000ns  (sys_clk_pin rise@0.000ns - sys_clk_pin rise@0.000ns)
  Data Path Delay:        0.385ns  (logic 0.252ns (65.465%)  route 0.133ns (34.535%))
  Logic Levels:           1  (CARRY4=1)
  Clock Path Skew:        0.000ns (DCD - SCD - CPR)
    Destination Clock Delay (DCD):    1.985ns
    Source Clock Delay      (SCD):    1.473ns
    Clock Pessimism Removal (CPR):    0.512ns

    Location             Delay type                Incr(ns)  Path(ns)    Netlist Resource(s)
  -------------------------------------------------------------------    -------------------
                         (clock sys_clk_pin rise edge)
                                                      0.000     0.000 r  
    W5                                                0.000     0.000 r  Clk (IN)
                         net (fo=0)                   0.000     0.000    Clk
    W5                   IBUF (Prop_ibuf_I_O)         0.226     0.226 r  Clk_IBUF_inst/O
                         net (fo=1, routed)           0.631     0.858    Clk_IBUF
    BUFGCTRL_X0Y0        BUFG (Prop_bufg_I_O)         0.026     0.884 r  Clk_IBUF_BUFG_inst/O
                         net (fo=34, routed)          0.590     1.473    Slow_Clk_0/Clk_IBUF_BUFG
    SLICE_X58Y15         FDRE                                         r  Slow_Clk_0/count_reg[3]/C
  -------------------------------------------------------------------    -------------------
    SLICE_X58Y15         FDRE (Prop_fdre_C_Q)         0.141     1.614 r  Slow_Clk_0/count_reg[3]/Q
                         net (fo=2, routed)           0.133     1.747    Slow_Clk_0/count[3]
    SLICE_X58Y15         CARRY4 (Prop_carry4_S[2]_O[2])
                                                      0.111     1.858 r  Slow_Clk_0/count0_carry/O[2]
                         net (fo=1, routed)           0.000     1.858    Slow_Clk_0/data0[3]
    SLICE_X58Y15         FDRE                                         r  Slow_Clk_0/count_reg[3]/D
  -------------------------------------------------------------------    -------------------

                         (clock sys_clk_pin rise edge)
                                                      0.000     0.000 r  
    W5                                                0.000     0.000 r  Clk (IN)
                         net (fo=0)                   0.000     0.000    Clk
    W5                   IBUF (Prop_ibuf_I_O)         0.414     0.414 r  Clk_IBUF_inst/O
                         net (fo=1, routed)           0.685     1.099    Clk_IBUF
    BUFGCTRL_X0Y0        BUFG (Prop_bufg_I_O)         0.029     1.128 r  Clk_IBUF_BUFG_inst/O
                         net (fo=34, routed)          0.858     1.985    Slow_Clk_0/Clk_IBUF_BUFG
    SLICE_X58Y15         FDRE                                         r  Slow_Clk_0/count_reg[3]/C
                         clock pessimism             -0.512     1.473    
    SLICE_X58Y15         FDRE (Hold_fdre_C_D)         0.105     1.578    Slow_Clk_0/count_reg[3]
  -------------------------------------------------------------------
                         required time                         -1.578    
                         arrival time                           1.858    
  -------------------------------------------------------------------
                         slack                                  0.280    

Slack (MET) :             0.280ns  (arrival time - required time)
  Source:                 Slow_Clk_0/count_reg[19]/C
                            (rising edge-triggered cell FDRE clocked by sys_clk_pin  {rise@0.000ns fall@5.000ns period=10.000ns})
  Destination:            Slow_Clk_0/count_reg[19]/D
                            (rising edge-triggered cell FDRE clocked by sys_clk_pin  {rise@0.000ns fall@5.000ns period=10.000ns})
  Path Group:             sys_clk_pin
  Path Type:              Hold (Min at Fast Process Corner)
  Requirement:            0.000ns  (sys_clk_pin rise@0.000ns - sys_clk_pin rise@0.000ns)
  Data Path Delay:        0.385ns  (logic 0.252ns (65.465%)  route 0.133ns (34.535%))
  Logic Levels:           1  (CARRY4=1)
  Clock Path Skew:        0.000ns (DCD - SCD - CPR)
    Destination Clock Delay (DCD):    1.981ns
    Source Clock Delay      (SCD):    1.469ns
    Clock Pessimism Removal (CPR):    0.512ns

    Location             Delay type                Incr(ns)  Path(ns)    Netlist Resource(s)
  -------------------------------------------------------------------    -------------------
                         (clock sys_clk_pin rise edge)
                                                      0.000     0.000 r  
    W5                                                0.000     0.000 r  Clk (IN)
                         net (fo=0)                   0.000     0.000    Clk
    W5                   IBUF (Prop_ibuf_I_O)         0.226     0.226 r  Clk_IBUF_inst/O
                         net (fo=1, routed)           0.631     0.858    Clk_IBUF
    BUFGCTRL_X0Y0        BUFG (Prop_bufg_I_O)         0.026     0.884 r  Clk_IBUF_BUFG_inst/O
                         net (fo=34, routed)          0.586     1.469    Slow_Clk_0/Clk_IBUF_BUFG
    SLICE_X58Y19         FDRE                                         r  Slow_Clk_0/count_reg[19]/C
  -------------------------------------------------------------------    -------------------
    SLICE_X58Y19         FDRE (Prop_fdre_C_Q)         0.141     1.610 r  Slow_Clk_0/count_reg[19]/Q
                         net (fo=2, routed)           0.133     1.743    Slow_Clk_0/count[19]
    SLICE_X58Y19         CARRY4 (Prop_carry4_S[2]_O[2])
                                                      0.111     1.854 r  Slow_Clk_0/count0_carry__3/O[2]
                         net (fo=1, routed)           0.000     1.854    Slow_Clk_0/data0[19]
    SLICE_X58Y19         FDRE                                         r  Slow_Clk_0/count_reg[19]/D
  -------------------------------------------------------------------    -------------------

                         (clock sys_clk_pin rise edge)
                                                      0.000     0.000 r  
    W5                                                0.000     0.000 r  Clk (IN)
                         net (fo=0)                   0.000     0.000    Clk
    W5                   IBUF (Prop_ibuf_I_O)         0.414     0.414 r  Clk_IBUF_inst/O
                         net (fo=1, routed)           0.685     1.099    Clk_IBUF
    BUFGCTRL_X0Y0        BUFG (Prop_bufg_I_O)         0.029     1.128 r  Clk_IBUF_BUFG_inst/O
                         net (fo=34, routed)          0.854     1.981    Slow_Clk_0/Clk_IBUF_BUFG
    SLICE_X58Y19         FDRE                                         r  Slow_Clk_0/count_reg[19]/C
                         clock pessimism             -0.512     1.469    
    SLICE_X58Y19         FDRE (Hold_fdre_C_D)         0.105     1.574    Slow_Clk_0/count_reg[19]
  -------------------------------------------------------------------
                         required time                         -1.574    
                         arrival time                           1.854    
  -------------------------------------------------------------------
                         slack                                  0.280    





Pulse Width Checks
--------------------------------------------------------------------------------------
Clock Name:         sys_clk_pin
Waveform(ns):       { 0.000 5.000 }
Period(ns):         10.000
Sources:            { Clk }

Check Type        Corner  Lib Pin  Reference Pin  Required(ns)  Actual(ns)  Slack(ns)  Location       Pin
Min Period        n/a     BUFG/I   n/a            2.155         10.000      7.845      BUFGCTRL_X0Y0  Clk_IBUF_BUFG_inst/I
Min Period        n/a     FDRE/C   n/a            1.000         10.000      9.000      SLICE_X59Y19   Slow_Clk_0/Clk_out_reg/C
Min Period        n/a     FDRE/C   n/a            1.000         10.000      9.000      SLICE_X59Y19   Slow_Clk_0/clk_status_reg/C
Min Period        n/a     FDRE/C   n/a            1.000         10.000      9.000      SLICE_X59Y15   Slow_Clk_0/count_reg[0]/C
Min Period        n/a     FDRE/C   n/a            1.000         10.000      9.000      SLICE_X58Y17   Slow_Clk_0/count_reg[10]/C
Min Period        n/a     FDRE/C   n/a            1.000         10.000      9.000      SLICE_X58Y17   Slow_Clk_0/count_reg[11]/C
Min Period        n/a     FDRE/C   n/a            1.000         10.000      9.000      SLICE_X58Y17   Slow_Clk_0/count_reg[12]/C
Min Period        n/a     FDRE/C   n/a            1.000         10.000      9.000      SLICE_X58Y18   Slow_Clk_0/count_reg[13]/C
Min Period        n/a     FDRE/C   n/a            1.000         10.000      9.000      SLICE_X58Y18   Slow_Clk_0/count_reg[14]/C
Min Period        n/a     FDRE/C   n/a            1.000         10.000      9.000      SLICE_X58Y18   Slow_Clk_0/count_reg[15]/C
Low Pulse Width   Slow    FDRE/C   n/a            0.500         5.000       4.500      SLICE_X59Y19   Slow_Clk_0/Clk_out_reg/C
Low Pulse Width   Slow    FDRE/C   n/a            0.500         5.000       4.500      SLICE_X59Y19   Slow_Clk_0/clk_status_reg/C
Low Pulse Width   Slow    FDRE/C   n/a            0.500         5.000       4.500      SLICE_X58Y19   Slow_Clk_0/count_reg[17]/C
Low Pulse Width   Slow    FDRE/C   n/a            0.500         5.000       4.500      SLICE_X58Y19   Slow_Clk_0/count_reg[18]/C
Low Pulse Width   Slow    FDRE/C   n/a            0.500         5.000       4.500      SLICE_X58Y19   Slow_Clk_0/count_reg[19]/C
Low Pulse Width   Slow    FDRE/C   n/a            0.500         5.000       4.500      SLICE_X58Y19   Slow_Clk_0/count_reg[20]/C
Low Pulse Width   Slow    FDRE/C   n/a            0.500         5.000       4.500      SLICE_X58Y20   Slow_Clk_0/count_reg[21]/C
Low Pulse Width   Slow    FDRE/C   n/a            0.500         5.000       4.500      SLICE_X58Y20   Slow_Clk_0/count_reg[22]/C
Low Pulse Width   Slow    FDRE/C   n/a            0.500         5.000       4.500      SLICE_X58Y20   Slow_Clk_0/count_reg[23]/C
Low Pulse Width   Slow    FDRE/C   n/a            0.500         5.000       4.500      SLICE_X58Y20   Slow_Clk_0/count_reg[24]/C
High Pulse Width  Slow    FDRE/C   n/a            0.500         5.000       4.500      SLICE_X59Y15   Slow_Clk_0/count_reg[0]/C
High Pulse Width  Fast    FDRE/C   n/a            0.500         5.000       4.500      SLICE_X59Y15   Slow_Clk_0/count_reg[0]/C
High Pulse Width  Slow    FDRE/C   n/a            0.500         5.000       4.500      SLICE_X58Y17   Slow_Clk_0/count_reg[10]/C
High Pulse Width  Slow    FDRE/C   n/a            0.500         5.000       4.500      SLICE_X58Y17   Slow_Clk_0/count_reg[11]/C
High Pulse Width  Slow    FDRE/C   n/a            0.500         5.000       4.500      SLICE_X58Y17   Slow_Clk_0/count_reg[12]/C
High Pulse Width  Slow    FDRE/C   n/a            0.500         5.000       4.500      SLICE_X58Y15   Slow_Clk_0/count_reg[1]/C
High Pulse Width  Fast    FDRE/C   n/a            0.500         5.000       4.500      SLICE_X58Y15   Slow_Clk_0/count_reg[1]/C
High Pulse Width  Slow    FDRE/C   n/a            0.500         5.000       4.500      SLICE_X58Y22   Slow_Clk_0/count_reg[29]/C
High Pulse Width  Slow    FDRE/C   n/a            0.500         5.000       4.500      SLICE_X58Y15   Slow_Clk_0/count_reg[2]/C
High Pulse Width  Fast    FDRE/C   n/a            0.500         5.000       4.500      SLICE_X58Y15   Slow_Clk_0/count_reg[2]/C



